<?xml version="1.0" encoding="UTF-8"?>
<testsuite xmlns:xsi="http://www.w3.org/2001/XMLSchema-instance" xsi:noNamespaceSchemaLocation="https://maven.apache.org/surefire/maven-surefire-plugin/xsd/surefire-test-report-3.0.xsd" version="3.0" name="Adding Memberships" time="0.084" tests="2" errors="2" skipped="0" failures="0">
  <properties>
[...]
</properties>
  <testcase name="As Admin i want to add memberships" classname="Adding Memberships" time="0.084">
    <error type="java.lang.NullPointerException"><![CDATA[java.lang.NullPointerException
]]></error>
    <system-out><![CDATA[Jul 06, 2020 6:48:04 PM io.cucumber.junit.Cucumber <init>
WARNING: By default Cucumber is running in --non-strict mode.
This default will change to --strict and --non-strict will be removed.
You can use --strict or @CucumberOptions(strict = true) to suppress this warning



Failed scenarios:


file:///Users/robespierre/eclipse-workspace/GoatFramework/src/test/resources/features/01_AddMemberships.feature:5
# As Admin i want to add memberships


file:///Users/robespierre/eclipse-workspace/GoatFramework/src/test/resources/features/02_AddMembershipToEmployee.feature:21
# As Admin i wand to add memberships to any employee




4
 Scenarios (
2 failed
, 
2 passed
)


44
 Steps (
18 skipped
, 
26 passed
)


0m
47.685s






java.lang.NullPointerException


	at com.goat.testbase.BaseClass.setUp(BaseClass.java:27)


	at com.goat.steps.Hooks.start(Hooks.java:10)




java.lang.NullPointerException


	at com.goat.testbase.BaseClass.setUp(BaseClass.java:27)


	at com.goat.steps.Hooks.start(Hooks.java:10)




java.lang.NullPointerException


	at com.goat.utils.Functions.takeScreenshotBytes(Functions.java:128)


	at com.goat.steps.Hooks.stop(Hooks.java:16)




java.lang.NullPointerException


	at com.goat.utils.Functions.takeScreenshotBytes(Functions.java:128)


	at com.goat.steps.Hooks.stop(Hooks.java:16)







@GroupMemberships
Scenario: As Admin i want to add memberships                  # src/test/resources/features/01_AddMemberships.feature:5
      java.lang.NullPointerException
	at com.goat.testbase.BaseClass.setUp(BaseClass.java:27)
	at com.goat.steps.Hooks.start(Hooks.java:10)

  Given I logged in application                               # com.goat.steps.AddMembershipsSteps.i_logged_in_application()
  And I navigated to the Memberships page                     # com.goat.steps.AddMembershipsSteps.i_navigated_to_the_Memberships_page()
  When I click on Add button                                  # com.goat.steps.AddMembershipsSteps.i_click_on_Add_button()
  And I enter the name of membership and click on Save button # com.goat.steps.AddMembershipsSteps.i_enter_the_name_of_membership_and_click_on_Save_button(io.cucumber.datatable.DataTable)
  Then I see all kind of memeberships successfully added      # com.goat.steps.AddMembershipsSteps.i_see_all_kind_of_memeberships_successfully_added()
      java.lang.NullPointerException
	at com.goat.utils.Functions.takeScreenshotBytes(Functions.java:128)
	at com.goat.steps.Hooks.stop(Hooks.java:16)

]]></system-out>
    <system-err><![CDATA[java.io.IOException: Stream Closed
	at java.io.FileInputStream.readBytes(Native Method)
	at java.io.FileInputStream.read(FileInputStream.java:233)
	at java.util.Properties$LineReader.readLine(Properties.java:435)
	at java.util.Properties.load0(Properties.java:353)
	at java.util.Properties.load(Properties.java:341)
	at com.goat.utils.ConfReader.readConfigurationFile(ConfReader.java:25)
	at com.goat.testbase.BaseClass.setUp(BaseClass.java:24)
	at com.goat.steps.Hooks.start(Hooks.java:10)
	at sun.reflect.NativeMethodAccessorImpl.invoke0(Native Method)
	at sun.reflect.NativeMethodAccessorImpl.invoke(NativeMethodAccessorImpl.java:62)
	at sun.reflect.DelegatingMethodAccessorImpl.invoke(DelegatingMethodAccessorImpl.java:43)
	at java.lang.reflect.Method.invoke(Method.java:498)
	at io.cucumber.java.Invoker.invoke(Invoker.java:27)
	at io.cucumber.java.JavaHookDefinition.execute(JavaHookDefinition.java:61)
	at io.cucumber.core.runner.CoreHookDefinition.execute(CoreHookDefinition.java:31)
	at io.cucumber.core.runner.HookDefinitionMatch.runStep(HookDefinitionMatch.java:20)
	at io.cucumber.core.runner.TestStep.executeStep(TestStep.java:64)
	at io.cucumber.core.runner.TestStep.run(TestStep.java:49)
	at io.cucumber.core.runner.TestCase.run(TestCase.java:47)
	at io.cucumber.core.runner.Runner.runPickle(Runner.java:67)
	at io.cucumber.junit.PickleRunners$NoStepDescriptions.run(PickleRunners.java:149)
	at io.cucumber.junit.FeatureRunner.runChild(FeatureRunner.java:83)
	at io.cucumber.junit.FeatureRunner.runChild(FeatureRunner.java:24)
	at org.junit.runners.ParentRunner$4.run(ParentRunner.java:331)
	at org.junit.runners.ParentRunner$1.schedule(ParentRunner.java:79)
	at org.junit.runners.ParentRunner.runChildren(ParentRunner.java:329)
	at org.junit.runners.ParentRunner.access$100(ParentRunner.java:66)
	at org.junit.runners.ParentRunner$2.evaluate(ParentRunner.java:293)
	at org.junit.runners.ParentRunner$3.evaluate(ParentRunner.java:306)
	at org.junit.runners.ParentRunner.run(ParentRunner.java:413)
	at io.cucumber.junit.Cucumber.runChild(Cucumber.java:185)
	at io.cucumber.junit.Cucumber.runChild(Cucumber.java:83)
	at org.junit.runners.ParentRunner$4.run(ParentRunner.java:331)
	at org.apache.maven.surefire.junitcore.pc.Scheduler$1.run(Scheduler.java:405)
	at java.util.concurrent.Executors$RunnableAdapter.call(Executors.java:511)
	at java.util.concurrent.FutureTask.run(FutureTask.java:266)
	at java.util.concurrent.ThreadPoolExecutor.runWorker(ThreadPoolExecutor.java:1149)
	at java.util.concurrent.ThreadPoolExecutor$Worker.run(ThreadPoolExecutor.java:624)
	at java.lang.Thread.run(Thread.java:748)
]]></system-err>
  </testcase>
  <testcase name="As Admin i want to add memberships" classname="Adding Memberships" time="0">
    <error type="java.lang.NullPointerException"><![CDATA[java.lang.NullPointerException
]]></error>
  </testcase>
</testsuite>